CRITICAL - 2022-08-24 00:53:54 --> Table 'tradebox.dbt_security' doesn't exist
#0 C:\xampp\htdocs\tradebox\system\Database\MySQLi\Connection.php(331): mysqli->query('SELECT *\nFROM `...')
#1 C:\xampp\htdocs\tradebox\system\Database\BaseConnection.php(741): CodeIgniter\Database\MySQLi\Connection->execute('SELECT *\nFROM `...')
#2 C:\xampp\htdocs\tradebox\system\Database\BaseConnection.php(669): CodeIgniter\Database\BaseConnection->simpleQuery('SELECT *\nFROM `...')
#3 C:\xampp\htdocs\tradebox\system\Database\BaseBuilder.php(1860): CodeIgniter\Database\BaseConnection->query('SELECT *\nFROM `...', Array, false)
#4 C:\xampp\htdocs\tradebox\app\Libraries\Recaptcha.php(27): CodeIgniter\Database\BaseBuilder->get()
#5 C:\xampp\htdocs\tradebox\app\Modules\Website\Controllers\BaseController.php(72): app\Libraries\Recaptcha->__construct()
#6 C:\xampp\htdocs\tradebox\system\CodeIgniter.php(899): App\Modules\Website\Controllers\BaseController->initController(Object(CodeIgniter\HTTP\IncomingRequest), Object(CodeIgniter\HTTP\Response), Object(CodeIgniter\Log\Logger))
#7 C:\xampp\htdocs\tradebox\system\CodeIgniter.php(407): CodeIgniter\CodeIgniter->createController()
#8 C:\xampp\htdocs\tradebox\system\CodeIgniter.php(320): CodeIgniter\CodeIgniter->handleRequest(NULL, Object(Config\Cache), false)
#9 C:\xampp\htdocs\tradebox\index.php(64): CodeIgniter\CodeIgniter->run()
#10 {main}
CRITICAL - 2022-08-24 01:07:12 --> Table 'tradebox.dbt_security' doesn't exist
#0 C:\xampp\htdocs\tradebox\system\Database\MySQLi\Connection.php(331): mysqli->query('SELECT *\nFROM `...')
#1 C:\xampp\htdocs\tradebox\system\Database\BaseConnection.php(741): CodeIgniter\Database\MySQLi\Connection->execute('SELECT *\nFROM `...')
#2 C:\xampp\htdocs\tradebox\system\Database\BaseConnection.php(669): CodeIgniter\Database\BaseConnection->simpleQuery('SELECT *\nFROM `...')
#3 C:\xampp\htdocs\tradebox\system\Database\BaseBuilder.php(1860): CodeIgniter\Database\BaseConnection->query('SELECT *\nFROM `...', Array, false)
#4 C:\xampp\htdocs\tradebox\app\Libraries\Recaptcha.php(27): CodeIgniter\Database\BaseBuilder->get()
#5 C:\xampp\htdocs\tradebox\app\Modules\Website\Controllers\BaseController.php(72): app\Libraries\Recaptcha->__construct()
#6 C:\xampp\htdocs\tradebox\system\CodeIgniter.php(899): App\Modules\Website\Controllers\BaseController->initController(Object(CodeIgniter\HTTP\IncomingRequest), Object(CodeIgniter\HTTP\Response), Object(CodeIgniter\Log\Logger))
#7 C:\xampp\htdocs\tradebox\system\CodeIgniter.php(407): CodeIgniter\CodeIgniter->createController()
#8 C:\xampp\htdocs\tradebox\system\CodeIgniter.php(320): CodeIgniter\CodeIgniter->handleRequest(NULL, Object(Config\Cache), false)
#9 C:\xampp\htdocs\tradebox\index.php(64): CodeIgniter\CodeIgniter->run()
#10 {main}
CRITICAL - 2022-08-24 01:18:51 --> Table 'tradebox.dbt_security' doesn't exist
#0 C:\xampp\htdocs\tradebox\system\Database\MySQLi\Connection.php(331): mysqli->query('SELECT *\nFROM `...')
#1 C:\xampp\htdocs\tradebox\system\Database\BaseConnection.php(741): CodeIgniter\Database\MySQLi\Connection->execute('SELECT *\nFROM `...')
#2 C:\xampp\htdocs\tradebox\system\Database\BaseConnection.php(669): CodeIgniter\Database\BaseConnection->simpleQuery('SELECT *\nFROM `...')
#3 C:\xampp\htdocs\tradebox\system\Database\BaseBuilder.php(1860): CodeIgniter\Database\BaseConnection->query('SELECT *\nFROM `...', Array, false)
#4 C:\xampp\htdocs\tradebox\app\Libraries\Recaptcha.php(27): CodeIgniter\Database\BaseBuilder->get()
#5 C:\xampp\htdocs\tradebox\app\Modules\Website\Controllers\BaseController.php(72): app\Libraries\Recaptcha->__construct()
#6 C:\xampp\htdocs\tradebox\system\CodeIgniter.php(899): App\Modules\Website\Controllers\BaseController->initController(Object(CodeIgniter\HTTP\IncomingRequest), Object(CodeIgniter\HTTP\Response), Object(CodeIgniter\Log\Logger))
#7 C:\xampp\htdocs\tradebox\system\CodeIgniter.php(407): CodeIgniter\CodeIgniter->createController()
#8 C:\xampp\htdocs\tradebox\system\CodeIgniter.php(320): CodeIgniter\CodeIgniter->handleRequest(NULL, Object(Config\Cache), false)
#9 C:\xampp\htdocs\tradebox\index.php(64): CodeIgniter\CodeIgniter->run()
#10 {main}
CRITICAL - 2022-08-24 01:23:22 --> Call to a member function getRow() on bool
#0 C:\xampp\htdocs\tradebox\app\Modules\Website\Controllers\BaseController.php(72): app\Libraries\Recaptcha->__construct()
#1 C:\xampp\htdocs\tradebox\system\CodeIgniter.php(899): App\Modules\Website\Controllers\BaseController->initController(Object(CodeIgniter\HTTP\IncomingRequest), Object(CodeIgniter\HTTP\Response), Object(CodeIgniter\Log\Logger))
#2 C:\xampp\htdocs\tradebox\system\CodeIgniter.php(407): CodeIgniter\CodeIgniter->createController()
#3 C:\xampp\htdocs\tradebox\system\CodeIgniter.php(320): CodeIgniter\CodeIgniter->handleRequest(NULL, Object(Config\Cache), false)
#4 C:\xampp\htdocs\tradebox\index.php(64): CodeIgniter\CodeIgniter->run()
#5 {main}
CRITICAL - 2022-08-24 01:24:00 --> Undefined property: app\Libraries\Recaptcha::$_db
#0 C:\xampp\htdocs\tradebox\app\Libraries\Recaptcha.php(27): CodeIgniter\Debug\Exceptions->errorHandler(8, 'Undefined prope...', 'C:\\xampp\\htdocs...', 27, Array)
#1 C:\xampp\htdocs\tradebox\app\Modules\Website\Controllers\BaseController.php(72): app\Libraries\Recaptcha->__construct()
#2 C:\xampp\htdocs\tradebox\system\CodeIgniter.php(899): App\Modules\Website\Controllers\BaseController->initController(Object(CodeIgniter\HTTP\IncomingRequest), Object(CodeIgniter\HTTP\Response), Object(CodeIgniter\Log\Logger))
#3 C:\xampp\htdocs\tradebox\system\CodeIgniter.php(407): CodeIgniter\CodeIgniter->createController()
#4 C:\xampp\htdocs\tradebox\system\CodeIgniter.php(320): CodeIgniter\CodeIgniter->handleRequest(NULL, Object(Config\Cache), false)
#5 C:\xampp\htdocs\tradebox\index.php(64): CodeIgniter\CodeIgniter->run()
#6 {main}
CRITICAL - 2022-08-24 01:29:19 --> Table 'tradebox.dbt_security' doesn't exist
#0 C:\xampp\htdocs\tradebox\system\Database\MySQLi\Connection.php(331): mysqli->query('SELECT *\nFROM `...')
#1 C:\xampp\htdocs\tradebox\system\Database\BaseConnection.php(741): CodeIgniter\Database\MySQLi\Connection->execute('SELECT *\nFROM `...')
#2 C:\xampp\htdocs\tradebox\system\Database\BaseConnection.php(669): CodeIgniter\Database\BaseConnection->simpleQuery('SELECT *\nFROM `...')
#3 C:\xampp\htdocs\tradebox\system\Database\BaseBuilder.php(1860): CodeIgniter\Database\BaseConnection->query('SELECT *\nFROM `...', Array, false)
#4 C:\xampp\htdocs\tradebox\app\Libraries\Recaptcha.php(27): CodeIgniter\Database\BaseBuilder->get()
#5 C:\xampp\htdocs\tradebox\app\Modules\Website\Controllers\BaseController.php(72): app\Libraries\Recaptcha->__construct()
#6 C:\xampp\htdocs\tradebox\system\CodeIgniter.php(899): App\Modules\Website\Controllers\BaseController->initController(Object(CodeIgniter\HTTP\IncomingRequest), Object(CodeIgniter\HTTP\Response), Object(CodeIgniter\Log\Logger))
#7 C:\xampp\htdocs\tradebox\system\CodeIgniter.php(407): CodeIgniter\CodeIgniter->createController()
#8 C:\xampp\htdocs\tradebox\system\CodeIgniter.php(320): CodeIgniter\CodeIgniter->handleRequest(NULL, Object(Config\Cache), false)
#9 C:\xampp\htdocs\tradebox\index.php(64): CodeIgniter\CodeIgniter->run()
#10 {main}
CRITICAL - 2022-08-24 01:33:34 --> Unknown column 'keyword' in 'where clause'
#0 C:\xampp\htdocs\tradebox\system\Database\MySQLi\Connection.php(331): mysqli->query('SELECT *\nFROM `...')
#1 C:\xampp\htdocs\tradebox\system\Database\BaseConnection.php(741): CodeIgniter\Database\MySQLi\Connection->execute('SELECT *\nFROM `...')
#2 C:\xampp\htdocs\tradebox\system\Database\BaseConnection.php(669): CodeIgniter\Database\BaseConnection->simpleQuery('SELECT *\nFROM `...')
#3 C:\xampp\htdocs\tradebox\system\Database\BaseBuilder.php(1860): CodeIgniter\Database\BaseConnection->query('SELECT *\nFROM `...', Array, false)
#4 C:\xampp\htdocs\tradebox\app\Libraries\Recaptcha.php(27): CodeIgniter\Database\BaseBuilder->get()
#5 C:\xampp\htdocs\tradebox\app\Modules\Website\Controllers\BaseController.php(72): app\Libraries\Recaptcha->__construct()
#6 C:\xampp\htdocs\tradebox\system\CodeIgniter.php(899): App\Modules\Website\Controllers\BaseController->initController(Object(CodeIgniter\HTTP\IncomingRequest), Object(CodeIgniter\HTTP\Response), Object(CodeIgniter\Log\Logger))
#7 C:\xampp\htdocs\tradebox\system\CodeIgniter.php(407): CodeIgniter\CodeIgniter->createController()
#8 C:\xampp\htdocs\tradebox\system\CodeIgniter.php(320): CodeIgniter\CodeIgniter->handleRequest(NULL, Object(Config\Cache), false)
#9 C:\xampp\htdocs\tradebox\index.php(64): CodeIgniter\CodeIgniter->run()
#10 {main}
CRITICAL - 2022-08-24 01:36:11 --> Table 'tradebox.themes' doesn't exist
#0 C:\xampp\htdocs\tradebox\system\Database\MySQLi\Connection.php(331): mysqli->query('SELECT `name`\nF...')
#1 C:\xampp\htdocs\tradebox\system\Database\BaseConnection.php(741): CodeIgniter\Database\MySQLi\Connection->execute('SELECT `name`\nF...')
#2 C:\xampp\htdocs\tradebox\system\Database\BaseConnection.php(669): CodeIgniter\Database\BaseConnection->simpleQuery('SELECT `name`\nF...')
#3 C:\xampp\htdocs\tradebox\system\Database\BaseBuilder.php(1860): CodeIgniter\Database\BaseConnection->query('SELECT `name`\nF...', Array, false)
#4 C:\xampp\htdocs\tradebox\app\Modules\Website\Controllers\BaseController.php(74): CodeIgniter\Database\BaseBuilder->get()
#5 C:\xampp\htdocs\tradebox\system\CodeIgniter.php(899): App\Modules\Website\Controllers\BaseController->initController(Object(CodeIgniter\HTTP\IncomingRequest), Object(CodeIgniter\HTTP\Response), Object(CodeIgniter\Log\Logger))
#6 C:\xampp\htdocs\tradebox\system\CodeIgniter.php(407): CodeIgniter\CodeIgniter->createController()
#7 C:\xampp\htdocs\tradebox\system\CodeIgniter.php(320): CodeIgniter\CodeIgniter->handleRequest(NULL, Object(Config\Cache), false)
#8 C:\xampp\htdocs\tradebox\index.php(64): CodeIgniter\CodeIgniter->run()
#9 {main}
CRITICAL - 2022-08-24 07:15:48 --> Trying to get property 'fees' of non-object
#0 C:\xampp\htdocs\tradebox\app\Views\javascript.php(25): CodeIgniter\Debug\Exceptions->errorHandler(8, 'Trying to get p...', 'C:\\xampp\\htdocs...', 25, Array)
#1 C:\xampp\htdocs\tradebox\system\View\View.php(246): include('C:\\xampp\\htdocs...')
#2 C:\xampp\htdocs\tradebox\system\Common.php(1119): CodeIgniter\View\View->render('javascript', Array, true)
#3 C:\xampp\htdocs\tradebox\app\Controllers\Adapter.php(76): view('javascript', Array)
#4 C:\xampp\htdocs\tradebox\system\CodeIgniter.php(926): App\Controllers\Adapter->javascript()
#5 C:\xampp\htdocs\tradebox\system\CodeIgniter.php(412): CodeIgniter\CodeIgniter->runController(Object(App\Controllers\Adapter))
#6 C:\xampp\htdocs\tradebox\system\CodeIgniter.php(320): CodeIgniter\CodeIgniter->handleRequest(NULL, Object(Config\Cache), false)
#7 C:\xampp\htdocs\tradebox\index.php(64): CodeIgniter\CodeIgniter->run()
#8 {main}
CRITICAL - 2022-08-24 09:29:30 --> Undefined property: stdClass::$messenger_address
#0 C:\xampp\htdocs\tradebox\app\Modules\User\Controllers\Admin\UserController.php(35): CodeIgniter\Debug\Exceptions->errorHandler(8, 'Undefined prope...', 'C:\\xampp\\htdocs...', 35, Array)
#1 C:\xampp\htdocs\tradebox\system\CodeIgniter.php(926): App\Modules\User\Controllers\Admin\UserController->ajax_list()
#2 C:\xampp\htdocs\tradebox\system\CodeIgniter.php(412): CodeIgniter\CodeIgniter->runController(Object(App\Modules\User\Controllers\Admin\UserController))
#3 C:\xampp\htdocs\tradebox\system\CodeIgniter.php(320): CodeIgniter\CodeIgniter->handleRequest(NULL, Object(Config\Cache), false)
#4 C:\xampp\htdocs\tradebox\index.php(64): CodeIgniter\CodeIgniter->run()
#5 {main}
CRITICAL - 2022-08-24 09:29:37 --> Undefined property: stdClass::$messenger_address
#0 C:\xampp\htdocs\tradebox\app\Modules\User\Controllers\Admin\UserController.php(35): CodeIgniter\Debug\Exceptions->errorHandler(8, 'Undefined prope...', 'C:\\xampp\\htdocs...', 35, Array)
#1 C:\xampp\htdocs\tradebox\system\CodeIgniter.php(926): App\Modules\User\Controllers\Admin\UserController->ajax_list()
#2 C:\xampp\htdocs\tradebox\system\CodeIgniter.php(412): CodeIgniter\CodeIgniter->runController(Object(App\Modules\User\Controllers\Admin\UserController))
#3 C:\xampp\htdocs\tradebox\system\CodeIgniter.php(320): CodeIgniter\CodeIgniter->handleRequest(NULL, Object(Config\Cache), false)
#4 C:\xampp\htdocs\tradebox\index.php(64): CodeIgniter\CodeIgniter->run()
#5 {main}
CRITICAL - 2022-08-24 09:29:54 --> Undefined index: search
#0 C:\xampp\htdocs\tradebox\app\Modules\User\Models\Admin\User_model.php(26): CodeIgniter\Debug\Exceptions->errorHandler(8, 'Undefined index...', 'C:\\xampp\\htdocs...', 26, Array)
#1 C:\xampp\htdocs\tradebox\app\Modules\User\Controllers\Admin\UserController.php(23): App\Modules\User\Models\Admin\User_model->get_datatables()
#2 C:\xampp\htdocs\tradebox\system\CodeIgniter.php(926): App\Modules\User\Controllers\Admin\UserController->ajax_list()
#3 C:\xampp\htdocs\tradebox\system\CodeIgniter.php(412): CodeIgniter\CodeIgniter->runController(Object(App\Modules\User\Controllers\Admin\UserController))
#4 C:\xampp\htdocs\tradebox\system\CodeIgniter.php(320): CodeIgniter\CodeIgniter->handleRequest(NULL, Object(Config\Cache), false)
#5 C:\xampp\htdocs\tradebox\index.php(64): CodeIgniter\CodeIgniter->run()
#6 {main}
CRITICAL - 2022-08-24 09:30:26 --> Undefined property: stdClass::$messenger_address
#0 C:\xampp\htdocs\tradebox\app\Modules\User\Controllers\Admin\UserController.php(35): CodeIgniter\Debug\Exceptions->errorHandler(8, 'Undefined prope...', 'C:\\xampp\\htdocs...', 35, Array)
#1 C:\xampp\htdocs\tradebox\system\CodeIgniter.php(926): App\Modules\User\Controllers\Admin\UserController->ajax_list()
#2 C:\xampp\htdocs\tradebox\system\CodeIgniter.php(412): CodeIgniter\CodeIgniter->runController(Object(App\Modules\User\Controllers\Admin\UserController))
#3 C:\xampp\htdocs\tradebox\system\CodeIgniter.php(320): CodeIgniter\CodeIgniter->handleRequest(NULL, Object(Config\Cache), false)
#4 C:\xampp\htdocs\tradebox\index.php(64): CodeIgniter\CodeIgniter->run()
#5 {main}
CRITICAL - 2022-08-24 09:38:18 --> Undefined property: stdClass::$xx_messenger
#0 C:\xampp\htdocs\tradebox\app\Modules\User\Views\Admin\user\form.php(46): CodeIgniter\Debug\Exceptions->errorHandler(8, 'Undefined prope...', 'C:\\xampp\\htdocs...', 46, Array)
#1 C:\xampp\htdocs\tradebox\system\View\View.php(246): include('C:\\xampp\\htdocs...')
#2 C:\xampp\htdocs\tradebox\system\Common.php(1119): CodeIgniter\View\View->render('App\\Modules\\Use...', Array, true)
#3 C:\xampp\htdocs\tradebox\app\Libraries\Template.php(45): view('App\\Modules\\Use...', Array)
#4 C:\xampp\htdocs\tradebox\app\Modules\User\Controllers\Admin\UserController.php(241): App\Libraries\Template->admin_layout(Array)
#5 C:\xampp\htdocs\tradebox\system\CodeIgniter.php(926): App\Modules\User\Controllers\Admin\UserController->form()
#6 C:\xampp\htdocs\tradebox\system\CodeIgniter.php(412): CodeIgniter\CodeIgniter->runController(Object(App\Modules\User\Controllers\Admin\UserController))
#7 C:\xampp\htdocs\tradebox\system\CodeIgniter.php(320): CodeIgniter\CodeIgniter->handleRequest(NULL, Object(Config\Cache), false)
#8 C:\xampp\htdocs\tradebox\index.php(64): CodeIgniter\CodeIgniter->run()
#9 {main}
CRITICAL - 2022-08-24 09:38:36 --> Undefined property: stdClass::$xx_messenger
#0 C:\xampp\htdocs\tradebox\app\Modules\User\Views\Admin\user\form.php(46): CodeIgniter\Debug\Exceptions->errorHandler(8, 'Undefined prope...', 'C:\\xampp\\htdocs...', 46, Array)
#1 C:\xampp\htdocs\tradebox\system\View\View.php(246): include('C:\\xampp\\htdocs...')
#2 C:\xampp\htdocs\tradebox\system\Common.php(1119): CodeIgniter\View\View->render('App\\Modules\\Use...', Array, true)
#3 C:\xampp\htdocs\tradebox\app\Libraries\Template.php(45): view('App\\Modules\\Use...', Array)
#4 C:\xampp\htdocs\tradebox\app\Modules\User\Controllers\Admin\UserController.php(241): App\Libraries\Template->admin_layout(Array)
#5 C:\xampp\htdocs\tradebox\system\CodeIgniter.php(926): App\Modules\User\Controllers\Admin\UserController->form()
#6 C:\xampp\htdocs\tradebox\system\CodeIgniter.php(412): CodeIgniter\CodeIgniter->runController(Object(App\Modules\User\Controllers\Admin\UserController))
#7 C:\xampp\htdocs\tradebox\system\CodeIgniter.php(320): CodeIgniter\CodeIgniter->handleRequest(NULL, Object(Config\Cache), false)
#8 C:\xampp\htdocs\tradebox\index.php(64): CodeIgniter\CodeIgniter->run()
#9 {main}
CRITICAL - 2022-08-24 23:20:27 --> Trying to get property 'feetype' of non-object
#0 C:\xampp\htdocs\tradebox\app\Modules\Website\Controllers\Ajaxload.php(24): CodeIgniter\Debug\Exceptions->errorHandler(8, 'Trying to get p...', 'C:\\xampp\\htdocs...', 24, Array)
#1 C:\xampp\htdocs\tradebox\system\CodeIgniter.php(926): App\Modules\Website\Controllers\Ajaxload->fees_load()
#2 C:\xampp\htdocs\tradebox\system\CodeIgniter.php(412): CodeIgniter\CodeIgniter->runController(Object(App\Modules\Website\Controllers\Ajaxload))
#3 C:\xampp\htdocs\tradebox\system\CodeIgniter.php(320): CodeIgniter\CodeIgniter->handleRequest(NULL, Object(Config\Cache), false)
#4 C:\xampp\htdocs\tradebox\index.php(64): CodeIgniter\CodeIgniter->run()
#5 {main}
CRITICAL - 2022-08-24 23:20:27 --> Trying to get property 'feetype' of non-object
#0 C:\xampp\htdocs\tradebox\app\Modules\Website\Controllers\Ajaxload.php(24): CodeIgniter\Debug\Exceptions->errorHandler(8, 'Trying to get p...', 'C:\\xampp\\htdocs...', 24, Array)
#1 C:\xampp\htdocs\tradebox\system\CodeIgniter.php(926): App\Modules\Website\Controllers\Ajaxload->fees_load()
#2 C:\xampp\htdocs\tradebox\system\CodeIgniter.php(412): CodeIgniter\CodeIgniter->runController(Object(App\Modules\Website\Controllers\Ajaxload))
#3 C:\xampp\htdocs\tradebox\system\CodeIgniter.php(320): CodeIgniter\CodeIgniter->handleRequest(NULL, Object(Config\Cache), false)
#4 C:\xampp\htdocs\tradebox\index.php(64): CodeIgniter\CodeIgniter->run()
#5 {main}
CRITICAL - 2022-08-24 23:20:28 --> Trying to get property 'feetype' of non-object
#0 C:\xampp\htdocs\tradebox\app\Modules\Website\Controllers\Ajaxload.php(24): CodeIgniter\Debug\Exceptions->errorHandler(8, 'Trying to get p...', 'C:\\xampp\\htdocs...', 24, Array)
#1 C:\xampp\htdocs\tradebox\system\CodeIgniter.php(926): App\Modules\Website\Controllers\Ajaxload->fees_load()
#2 C:\xampp\htdocs\tradebox\system\CodeIgniter.php(412): CodeIgniter\CodeIgniter->runController(Object(App\Modules\Website\Controllers\Ajaxload))
#3 C:\xampp\htdocs\tradebox\system\CodeIgniter.php(320): CodeIgniter\CodeIgniter->handleRequest(NULL, Object(Config\Cache), false)
#4 C:\xampp\htdocs\tradebox\index.php(64): CodeIgniter\CodeIgniter->run()
#5 {main}
CRITICAL - 2022-08-24 23:20:52 --> Trying to get property 'feetype' of non-object
#0 C:\xampp\htdocs\tradebox\app\Modules\Website\Controllers\Ajaxload.php(24): CodeIgniter\Debug\Exceptions->errorHandler(8, 'Trying to get p...', 'C:\\xampp\\htdocs...', 24, Array)
#1 C:\xampp\htdocs\tradebox\system\CodeIgniter.php(926): App\Modules\Website\Controllers\Ajaxload->fees_load()
#2 C:\xampp\htdocs\tradebox\system\CodeIgniter.php(412): CodeIgniter\CodeIgniter->runController(Object(App\Modules\Website\Controllers\Ajaxload))
#3 C:\xampp\htdocs\tradebox\system\CodeIgniter.php(320): CodeIgniter\CodeIgniter->handleRequest(NULL, Object(Config\Cache), false)
#4 C:\xampp\htdocs\tradebox\index.php(64): CodeIgniter\CodeIgniter->run()
#5 {main}
CRITICAL - 2022-08-24 23:26:44 --> Trying to get property 'feetype' of non-object
#0 C:\xampp\htdocs\tradebox\app\Modules\Website\Controllers\Ajaxload.php(24): CodeIgniter\Debug\Exceptions->errorHandler(8, 'Trying to get p...', 'C:\\xampp\\htdocs...', 24, Array)
#1 C:\xampp\htdocs\tradebox\system\CodeIgniter.php(926): App\Modules\Website\Controllers\Ajaxload->fees_load()
#2 C:\xampp\htdocs\tradebox\system\CodeIgniter.php(412): CodeIgniter\CodeIgniter->runController(Object(App\Modules\Website\Controllers\Ajaxload))
#3 C:\xampp\htdocs\tradebox\system\CodeIgniter.php(320): CodeIgniter\CodeIgniter->handleRequest(NULL, Object(Config\Cache), false)
#4 C:\xampp\htdocs\tradebox\index.php(64): CodeIgniter\CodeIgniter->run()
#5 {main}
CRITICAL - 2022-08-24 23:26:44 --> Trying to get property 'feetype' of non-object
#0 C:\xampp\htdocs\tradebox\app\Modules\Website\Controllers\Ajaxload.php(24): CodeIgniter\Debug\Exceptions->errorHandler(8, 'Trying to get p...', 'C:\\xampp\\htdocs...', 24, Array)
#1 C:\xampp\htdocs\tradebox\system\CodeIgniter.php(926): App\Modules\Website\Controllers\Ajaxload->fees_load()
#2 C:\xampp\htdocs\tradebox\system\CodeIgniter.php(412): CodeIgniter\CodeIgniter->runController(Object(App\Modules\Website\Controllers\Ajaxload))
#3 C:\xampp\htdocs\tradebox\system\CodeIgniter.php(320): CodeIgniter\CodeIgniter->handleRequest(NULL, Object(Config\Cache), false)
#4 C:\xampp\htdocs\tradebox\index.php(64): CodeIgniter\CodeIgniter->run()
#5 {main}
CRITICAL - 2022-08-24 23:26:44 --> Trying to get property 'feetype' of non-object
#0 C:\xampp\htdocs\tradebox\app\Modules\Website\Controllers\Ajaxload.php(24): CodeIgniter\Debug\Exceptions->errorHandler(8, 'Trying to get p...', 'C:\\xampp\\htdocs...', 24, Array)
#1 C:\xampp\htdocs\tradebox\system\CodeIgniter.php(926): App\Modules\Website\Controllers\Ajaxload->fees_load()
#2 C:\xampp\htdocs\tradebox\system\CodeIgniter.php(412): CodeIgniter\CodeIgniter->runController(Object(App\Modules\Website\Controllers\Ajaxload))
#3 C:\xampp\htdocs\tradebox\system\CodeIgniter.php(320): CodeIgniter\CodeIgniter->handleRequest(NULL, Object(Config\Cache), false)
#4 C:\xampp\htdocs\tradebox\index.php(64): CodeIgniter\CodeIgniter->run()
#5 {main}
CRITICAL - 2022-08-24 23:26:45 --> Trying to get property 'feetype' of non-object
#0 C:\xampp\htdocs\tradebox\app\Modules\Website\Controllers\Ajaxload.php(24): CodeIgniter\Debug\Exceptions->errorHandler(8, 'Trying to get p...', 'C:\\xampp\\htdocs...', 24, Array)
#1 C:\xampp\htdocs\tradebox\system\CodeIgniter.php(926): App\Modules\Website\Controllers\Ajaxload->fees_load()
#2 C:\xampp\htdocs\tradebox\system\CodeIgniter.php(412): CodeIgniter\CodeIgniter->runController(Object(App\Modules\Website\Controllers\Ajaxload))
#3 C:\xampp\htdocs\tradebox\system\CodeIgniter.php(320): CodeIgniter\CodeIgniter->handleRequest(NULL, Object(Config\Cache), false)
#4 C:\xampp\htdocs\tradebox\index.php(64): CodeIgniter\CodeIgniter->run()
#5 {main}
CRITICAL - 2022-08-24 23:26:46 --> Trying to get property 'feetype' of non-object
#0 C:\xampp\htdocs\tradebox\app\Modules\Website\Controllers\Ajaxload.php(24): CodeIgniter\Debug\Exceptions->errorHandler(8, 'Trying to get p...', 'C:\\xampp\\htdocs...', 24, Array)
#1 C:\xampp\htdocs\tradebox\system\CodeIgniter.php(926): App\Modules\Website\Controllers\Ajaxload->fees_load()
#2 C:\xampp\htdocs\tradebox\system\CodeIgniter.php(412): CodeIgniter\CodeIgniter->runController(Object(App\Modules\Website\Controllers\Ajaxload))
#3 C:\xampp\htdocs\tradebox\system\CodeIgniter.php(320): CodeIgniter\CodeIgniter->handleRequest(NULL, Object(Config\Cache), false)
#4 C:\xampp\htdocs\tradebox\index.php(64): CodeIgniter\CodeIgniter->run()
#5 {main}
CRITICAL - 2022-08-24 23:26:47 --> Trying to get property 'feetype' of non-object
#0 C:\xampp\htdocs\tradebox\app\Modules\Website\Controllers\Ajaxload.php(24): CodeIgniter\Debug\Exceptions->errorHandler(8, 'Trying to get p...', 'C:\\xampp\\htdocs...', 24, Array)
#1 C:\xampp\htdocs\tradebox\system\CodeIgniter.php(926): App\Modules\Website\Controllers\Ajaxload->fees_load()
#2 C:\xampp\htdocs\tradebox\system\CodeIgniter.php(412): CodeIgniter\CodeIgniter->runController(Object(App\Modules\Website\Controllers\Ajaxload))
#3 C:\xampp\htdocs\tradebox\system\CodeIgniter.php(320): CodeIgniter\CodeIgniter->handleRequest(NULL, Object(Config\Cache), false)
#4 C:\xampp\htdocs\tradebox\index.php(64): CodeIgniter\CodeIgniter->run()
#5 {main}
CRITICAL - 2022-08-24 23:26:47 --> Trying to get property 'feetype' of non-object
#0 C:\xampp\htdocs\tradebox\app\Modules\Website\Controllers\Ajaxload.php(24): CodeIgniter\Debug\Exceptions->errorHandler(8, 'Trying to get p...', 'C:\\xampp\\htdocs...', 24, Array)
#1 C:\xampp\htdocs\tradebox\system\CodeIgniter.php(926): App\Modules\Website\Controllers\Ajaxload->fees_load()
#2 C:\xampp\htdocs\tradebox\system\CodeIgniter.php(412): CodeIgniter\CodeIgniter->runController(Object(App\Modules\Website\Controllers\Ajaxload))
#3 C:\xampp\htdocs\tradebox\system\CodeIgniter.php(320): CodeIgniter\CodeIgniter->handleRequest(NULL, Object(Config\Cache), false)
#4 C:\xampp\htdocs\tradebox\index.php(64): CodeIgniter\CodeIgniter->run()
#5 {main}
CRITICAL - 2022-08-24 23:26:47 --> Trying to get property 'feetype' of non-object
#0 C:\xampp\htdocs\tradebox\app\Modules\Website\Controllers\Ajaxload.php(24): CodeIgniter\Debug\Exceptions->errorHandler(8, 'Trying to get p...', 'C:\\xampp\\htdocs...', 24, Array)
#1 C:\xampp\htdocs\tradebox\system\CodeIgniter.php(926): App\Modules\Website\Controllers\Ajaxload->fees_load()
#2 C:\xampp\htdocs\tradebox\system\CodeIgniter.php(412): CodeIgniter\CodeIgniter->runController(Object(App\Modules\Website\Controllers\Ajaxload))
#3 C:\xampp\htdocs\tradebox\system\CodeIgniter.php(320): CodeIgniter\CodeIgniter->handleRequest(NULL, Object(Config\Cache), false)
#4 C:\xampp\htdocs\tradebox\index.php(64): CodeIgniter\CodeIgniter->run()
#5 {main}
CRITICAL - 2022-08-24 23:26:47 --> Trying to get property 'feetype' of non-object
#0 C:\xampp\htdocs\tradebox\app\Modules\Website\Controllers\Ajaxload.php(24): CodeIgniter\Debug\Exceptions->errorHandler(8, 'Trying to get p...', 'C:\\xampp\\htdocs...', 24, Array)
#1 C:\xampp\htdocs\tradebox\system\CodeIgniter.php(926): App\Modules\Website\Controllers\Ajaxload->fees_load()
#2 C:\xampp\htdocs\tradebox\system\CodeIgniter.php(412): CodeIgniter\CodeIgniter->runController(Object(App\Modules\Website\Controllers\Ajaxload))
#3 C:\xampp\htdocs\tradebox\system\CodeIgniter.php(320): CodeIgniter\CodeIgniter->handleRequest(NULL, Object(Config\Cache), false)
#4 C:\xampp\htdocs\tradebox\index.php(64): CodeIgniter\CodeIgniter->run()
#5 {main}
CRITICAL - 2022-08-24 23:26:47 --> Trying to get property 'feetype' of non-object
#0 C:\xampp\htdocs\tradebox\app\Modules\Website\Controllers\Ajaxload.php(24): CodeIgniter\Debug\Exceptions->errorHandler(8, 'Trying to get p...', 'C:\\xampp\\htdocs...', 24, Array)
#1 C:\xampp\htdocs\tradebox\system\CodeIgniter.php(926): App\Modules\Website\Controllers\Ajaxload->fees_load()
#2 C:\xampp\htdocs\tradebox\system\CodeIgniter.php(412): CodeIgniter\CodeIgniter->runController(Object(App\Modules\Website\Controllers\Ajaxload))
#3 C:\xampp\htdocs\tradebox\system\CodeIgniter.php(320): CodeIgniter\CodeIgniter->handleRequest(NULL, Object(Config\Cache), false)
#4 C:\xampp\htdocs\tradebox\index.php(64): CodeIgniter\CodeIgniter->run()
#5 {main}
CRITICAL - 2022-08-24 23:26:47 --> Trying to get property 'feetype' of non-object
#0 C:\xampp\htdocs\tradebox\app\Modules\Website\Controllers\Ajaxload.php(24): CodeIgniter\Debug\Exceptions->errorHandler(8, 'Trying to get p...', 'C:\\xampp\\htdocs...', 24, Array)
#1 C:\xampp\htdocs\tradebox\system\CodeIgniter.php(926): App\Modules\Website\Controllers\Ajaxload->fees_load()
#2 C:\xampp\htdocs\tradebox\system\CodeIgniter.php(412): CodeIgniter\CodeIgniter->runController(Object(App\Modules\Website\Controllers\Ajaxload))
#3 C:\xampp\htdocs\tradebox\system\CodeIgniter.php(320): CodeIgniter\CodeIgniter->handleRequest(NULL, Object(Config\Cache), false)
#4 C:\xampp\htdocs\tradebox\index.php(64): CodeIgniter\CodeIgniter->run()
#5 {main}
CRITICAL - 2022-08-24 23:26:48 --> Trying to get property 'feetype' of non-object
#0 C:\xampp\htdocs\tradebox\app\Modules\Website\Controllers\Ajaxload.php(24): CodeIgniter\Debug\Exceptions->errorHandler(8, 'Trying to get p...', 'C:\\xampp\\htdocs...', 24, Array)
#1 C:\xampp\htdocs\tradebox\system\CodeIgniter.php(926): App\Modules\Website\Controllers\Ajaxload->fees_load()
#2 C:\xampp\htdocs\tradebox\system\CodeIgniter.php(412): CodeIgniter\CodeIgniter->runController(Object(App\Modules\Website\Controllers\Ajaxload))
#3 C:\xampp\htdocs\tradebox\system\CodeIgniter.php(320): CodeIgniter\CodeIgniter->handleRequest(NULL, Object(Config\Cache), false)
#4 C:\xampp\htdocs\tradebox\index.php(64): CodeIgniter\CodeIgniter->run()
#5 {main}
CRITICAL - 2022-08-24 23:26:48 --> Trying to get property 'feetype' of non-object
#0 C:\xampp\htdocs\tradebox\app\Modules\Website\Controllers\Ajaxload.php(24): CodeIgniter\Debug\Exceptions->errorHandler(8, 'Trying to get p...', 'C:\\xampp\\htdocs...', 24, Array)
#1 C:\xampp\htdocs\tradebox\system\CodeIgniter.php(926): App\Modules\Website\Controllers\Ajaxload->fees_load()
#2 C:\xampp\htdocs\tradebox\system\CodeIgniter.php(412): CodeIgniter\CodeIgniter->runController(Object(App\Modules\Website\Controllers\Ajaxload))
#3 C:\xampp\htdocs\tradebox\system\CodeIgniter.php(320): CodeIgniter\CodeIgniter->handleRequest(NULL, Object(Config\Cache), false)
#4 C:\xampp\htdocs\tradebox\index.php(64): CodeIgniter\CodeIgniter->run()
#5 {main}
CRITICAL - 2022-08-24 23:27:06 --> Trying to get property 'feetype' of non-object
#0 C:\xampp\htdocs\tradebox\app\Modules\Website\Controllers\Ajaxload.php(24): CodeIgniter\Debug\Exceptions->errorHandler(8, 'Trying to get p...', 'C:\\xampp\\htdocs...', 24, Array)
#1 C:\xampp\htdocs\tradebox\system\CodeIgniter.php(926): App\Modules\Website\Controllers\Ajaxload->fees_load()
#2 C:\xampp\htdocs\tradebox\system\CodeIgniter.php(412): CodeIgniter\CodeIgniter->runController(Object(App\Modules\Website\Controllers\Ajaxload))
#3 C:\xampp\htdocs\tradebox\system\CodeIgniter.php(320): CodeIgniter\CodeIgniter->handleRequest(NULL, Object(Config\Cache), false)
#4 C:\xampp\htdocs\tradebox\index.php(64): CodeIgniter\CodeIgniter->run()
#5 {main}
CRITICAL - 2022-08-24 23:27:06 --> Trying to get property 'feetype' of non-object
#0 C:\xampp\htdocs\tradebox\app\Modules\Website\Controllers\Ajaxload.php(24): CodeIgniter\Debug\Exceptions->errorHandler(8, 'Trying to get p...', 'C:\\xampp\\htdocs...', 24, Array)
#1 C:\xampp\htdocs\tradebox\system\CodeIgniter.php(926): App\Modules\Website\Controllers\Ajaxload->fees_load()
#2 C:\xampp\htdocs\tradebox\system\CodeIgniter.php(412): CodeIgniter\CodeIgniter->runController(Object(App\Modules\Website\Controllers\Ajaxload))
#3 C:\xampp\htdocs\tradebox\system\CodeIgniter.php(320): CodeIgniter\CodeIgniter->handleRequest(NULL, Object(Config\Cache), false)
#4 C:\xampp\htdocs\tradebox\index.php(64): CodeIgniter\CodeIgniter->run()
#5 {main}
CRITICAL - 2022-08-24 23:27:06 --> Trying to get property 'feetype' of non-object
#0 C:\xampp\htdocs\tradebox\app\Modules\Website\Controllers\Ajaxload.php(24): CodeIgniter\Debug\Exceptions->errorHandler(8, 'Trying to get p...', 'C:\\xampp\\htdocs...', 24, Array)
#1 C:\xampp\htdocs\tradebox\system\CodeIgniter.php(926): App\Modules\Website\Controllers\Ajaxload->fees_load()
#2 C:\xampp\htdocs\tradebox\system\CodeIgniter.php(412): CodeIgniter\CodeIgniter->runController(Object(App\Modules\Website\Controllers\Ajaxload))
#3 C:\xampp\htdocs\tradebox\system\CodeIgniter.php(320): CodeIgniter\CodeIgniter->handleRequest(NULL, Object(Config\Cache), false)
#4 C:\xampp\htdocs\tradebox\index.php(64): CodeIgniter\CodeIgniter->run()
#5 {main}
CRITICAL - 2022-08-24 23:27:07 --> Trying to get property 'feetype' of non-object
#0 C:\xampp\htdocs\tradebox\app\Modules\Website\Controllers\Ajaxload.php(24): CodeIgniter\Debug\Exceptions->errorHandler(8, 'Trying to get p...', 'C:\\xampp\\htdocs...', 24, Array)
#1 C:\xampp\htdocs\tradebox\system\CodeIgniter.php(926): App\Modules\Website\Controllers\Ajaxload->fees_load()
#2 C:\xampp\htdocs\tradebox\system\CodeIgniter.php(412): CodeIgniter\CodeIgniter->runController(Object(App\Modules\Website\Controllers\Ajaxload))
#3 C:\xampp\htdocs\tradebox\system\CodeIgniter.php(320): CodeIgniter\CodeIgniter->handleRequest(NULL, Object(Config\Cache), false)
#4 C:\xampp\htdocs\tradebox\index.php(64): CodeIgniter\CodeIgniter->run()
#5 {main}
CRITICAL - 2022-08-24 23:27:08 --> Trying to get property 'feetype' of non-object
#0 C:\xampp\htdocs\tradebox\app\Modules\Website\Controllers\Ajaxload.php(24): CodeIgniter\Debug\Exceptions->errorHandler(8, 'Trying to get p...', 'C:\\xampp\\htdocs...', 24, Array)
#1 C:\xampp\htdocs\tradebox\system\CodeIgniter.php(926): App\Modules\Website\Controllers\Ajaxload->fees_load()
#2 C:\xampp\htdocs\tradebox\system\CodeIgniter.php(412): CodeIgniter\CodeIgniter->runController(Object(App\Modules\Website\Controllers\Ajaxload))
#3 C:\xampp\htdocs\tradebox\system\CodeIgniter.php(320): CodeIgniter\CodeIgniter->handleRequest(NULL, Object(Config\Cache), false)
#4 C:\xampp\htdocs\tradebox\index.php(64): CodeIgniter\CodeIgniter->run()
#5 {main}
CRITICAL - 2022-08-24 23:27:14 --> Trying to get property 'feetype' of non-object
#0 C:\xampp\htdocs\tradebox\app\Modules\Website\Controllers\Ajaxload.php(24): CodeIgniter\Debug\Exceptions->errorHandler(8, 'Trying to get p...', 'C:\\xampp\\htdocs...', 24, Array)
#1 C:\xampp\htdocs\tradebox\system\CodeIgniter.php(926): App\Modules\Website\Controllers\Ajaxload->fees_load()
#2 C:\xampp\htdocs\tradebox\system\CodeIgniter.php(412): CodeIgniter\CodeIgniter->runController(Object(App\Modules\Website\Controllers\Ajaxload))
#3 C:\xampp\htdocs\tradebox\system\CodeIgniter.php(320): CodeIgniter\CodeIgniter->handleRequest(NULL, Object(Config\Cache), false)
#4 C:\xampp\htdocs\tradebox\index.php(64): CodeIgniter\CodeIgniter->run()
#5 {main}
CRITICAL - 2022-08-24 23:27:14 --> Trying to get property 'feetype' of non-object
#0 C:\xampp\htdocs\tradebox\app\Modules\Website\Controllers\Ajaxload.php(24): CodeIgniter\Debug\Exceptions->errorHandler(8, 'Trying to get p...', 'C:\\xampp\\htdocs...', 24, Array)
#1 C:\xampp\htdocs\tradebox\system\CodeIgniter.php(926): App\Modules\Website\Controllers\Ajaxload->fees_load()
#2 C:\xampp\htdocs\tradebox\system\CodeIgniter.php(412): CodeIgniter\CodeIgniter->runController(Object(App\Modules\Website\Controllers\Ajaxload))
#3 C:\xampp\htdocs\tradebox\system\CodeIgniter.php(320): CodeIgniter\CodeIgniter->handleRequest(NULL, Object(Config\Cache), false)
#4 C:\xampp\htdocs\tradebox\index.php(64): CodeIgniter\CodeIgniter->run()
#5 {main}
CRITICAL - 2022-08-24 23:27:15 --> Trying to get property 'feetype' of non-object
#0 C:\xampp\htdocs\tradebox\app\Modules\Website\Controllers\Ajaxload.php(24): CodeIgniter\Debug\Exceptions->errorHandler(8, 'Trying to get p...', 'C:\\xampp\\htdocs...', 24, Array)
#1 C:\xampp\htdocs\tradebox\system\CodeIgniter.php(926): App\Modules\Website\Controllers\Ajaxload->fees_load()
#2 C:\xampp\htdocs\tradebox\system\CodeIgniter.php(412): CodeIgniter\CodeIgniter->runController(Object(App\Modules\Website\Controllers\Ajaxload))
#3 C:\xampp\htdocs\tradebox\system\CodeIgniter.php(320): CodeIgniter\CodeIgniter->handleRequest(NULL, Object(Config\Cache), false)
#4 C:\xampp\htdocs\tradebox\index.php(64): CodeIgniter\CodeIgniter->run()
#5 {main}
CRITICAL - 2022-08-24 23:27:16 --> Trying to get property 'feetype' of non-object
#0 C:\xampp\htdocs\tradebox\app\Modules\Website\Controllers\Ajaxload.php(24): CodeIgniter\Debug\Exceptions->errorHandler(8, 'Trying to get p...', 'C:\\xampp\\htdocs...', 24, Array)
#1 C:\xampp\htdocs\tradebox\system\CodeIgniter.php(926): App\Modules\Website\Controllers\Ajaxload->fees_load()
#2 C:\xampp\htdocs\tradebox\system\CodeIgniter.php(412): CodeIgniter\CodeIgniter->runController(Object(App\Modules\Website\Controllers\Ajaxload))
#3 C:\xampp\htdocs\tradebox\system\CodeIgniter.php(320): CodeIgniter\CodeIgniter->handleRequest(NULL, Object(Config\Cache), false)
#4 C:\xampp\htdocs\tradebox\index.php(64): CodeIgniter\CodeIgniter->run()
#5 {main}
CRITICAL - 2022-08-24 23:27:16 --> Trying to get property 'feetype' of non-object
#0 C:\xampp\htdocs\tradebox\app\Modules\Website\Controllers\Ajaxload.php(24): CodeIgniter\Debug\Exceptions->errorHandler(8, 'Trying to get p...', 'C:\\xampp\\htdocs...', 24, Array)
#1 C:\xampp\htdocs\tradebox\system\CodeIgniter.php(926): App\Modules\Website\Controllers\Ajaxload->fees_load()
#2 C:\xampp\htdocs\tradebox\system\CodeIgniter.php(412): CodeIgniter\CodeIgniter->runController(Object(App\Modules\Website\Controllers\Ajaxload))
#3 C:\xampp\htdocs\tradebox\system\CodeIgniter.php(320): CodeIgniter\CodeIgniter->handleRequest(NULL, Object(Config\Cache), false)
#4 C:\xampp\htdocs\tradebox\index.php(64): CodeIgniter\CodeIgniter->run()
#5 {main}
CRITICAL - 2022-08-24 23:53:54 --> Trying to get property 'feetype' of non-object
#0 C:\xampp\htdocs\tradebox\app\Modules\Website\Controllers\Ajaxload.php(24): CodeIgniter\Debug\Exceptions->errorHandler(8, 'Trying to get p...', 'C:\\xampp\\htdocs...', 24, Array)
#1 C:\xampp\htdocs\tradebox\system\CodeIgniter.php(926): App\Modules\Website\Controllers\Ajaxload->fees_load()
#2 C:\xampp\htdocs\tradebox\system\CodeIgniter.php(412): CodeIgniter\CodeIgniter->runController(Object(App\Modules\Website\Controllers\Ajaxload))
#3 C:\xampp\htdocs\tradebox\system\CodeIgniter.php(320): CodeIgniter\CodeIgniter->handleRequest(NULL, Object(Config\Cache), false)
#4 C:\xampp\htdocs\tradebox\index.php(64): CodeIgniter\CodeIgniter->run()
#5 {main}
CRITICAL - 2022-08-24 23:53:57 --> Trying to get property 'feetype' of non-object
#0 C:\xampp\htdocs\tradebox\app\Modules\Website\Controllers\Ajaxload.php(24): CodeIgniter\Debug\Exceptions->errorHandler(8, 'Trying to get p...', 'C:\\xampp\\htdocs...', 24, Array)
#1 C:\xampp\htdocs\tradebox\system\CodeIgniter.php(926): App\Modules\Website\Controllers\Ajaxload->fees_load()
#2 C:\xampp\htdocs\tradebox\system\CodeIgniter.php(412): CodeIgniter\CodeIgniter->runController(Object(App\Modules\Website\Controllers\Ajaxload))
#3 C:\xampp\htdocs\tradebox\system\CodeIgniter.php(320): CodeIgniter\CodeIgniter->handleRequest(NULL, Object(Config\Cache), false)
#4 C:\xampp\htdocs\tradebox\index.php(64): CodeIgniter\CodeIgniter->run()
#5 {main}
CRITICAL - 2022-08-24 23:53:59 --> Trying to get property 'feetype' of non-object
#0 C:\xampp\htdocs\tradebox\app\Modules\Website\Controllers\Ajaxload.php(24): CodeIgniter\Debug\Exceptions->errorHandler(8, 'Trying to get p...', 'C:\\xampp\\htdocs...', 24, Array)
#1 C:\xampp\htdocs\tradebox\system\CodeIgniter.php(926): App\Modules\Website\Controllers\Ajaxload->fees_load()
#2 C:\xampp\htdocs\tradebox\system\CodeIgniter.php(412): CodeIgniter\CodeIgniter->runController(Object(App\Modules\Website\Controllers\Ajaxload))
#3 C:\xampp\htdocs\tradebox\system\CodeIgniter.php(320): CodeIgniter\CodeIgniter->handleRequest(NULL, Object(Config\Cache), false)
#4 C:\xampp\htdocs\tradebox\index.php(64): CodeIgniter\CodeIgniter->run()
#5 {main}
CRITICAL - 2022-08-24 23:57:19 --> Trying to get property 'feetype' of non-object
#0 C:\xampp\htdocs\tradebox\app\Modules\Website\Controllers\Ajaxload.php(24): CodeIgniter\Debug\Exceptions->errorHandler(8, 'Trying to get p...', 'C:\\xampp\\htdocs...', 24, Array)
#1 C:\xampp\htdocs\tradebox\system\CodeIgniter.php(926): App\Modules\Website\Controllers\Ajaxload->fees_load()
#2 C:\xampp\htdocs\tradebox\system\CodeIgniter.php(412): CodeIgniter\CodeIgniter->runController(Object(App\Modules\Website\Controllers\Ajaxload))
#3 C:\xampp\htdocs\tradebox\system\CodeIgniter.php(320): CodeIgniter\CodeIgniter->handleRequest(NULL, Object(Config\Cache), false)
#4 C:\xampp\htdocs\tradebox\index.php(64): CodeIgniter\CodeIgniter->run()
#5 {main}
CRITICAL - 2022-08-24 23:57:20 --> Trying to get property 'feetype' of non-object
#0 C:\xampp\htdocs\tradebox\app\Modules\Website\Controllers\Ajaxload.php(24): CodeIgniter\Debug\Exceptions->errorHandler(8, 'Trying to get p...', 'C:\\xampp\\htdocs...', 24, Array)
#1 C:\xampp\htdocs\tradebox\system\CodeIgniter.php(926): App\Modules\Website\Controllers\Ajaxload->fees_load()
#2 C:\xampp\htdocs\tradebox\system\CodeIgniter.php(412): CodeIgniter\CodeIgniter->runController(Object(App\Modules\Website\Controllers\Ajaxload))
#3 C:\xampp\htdocs\tradebox\system\CodeIgniter.php(320): CodeIgniter\CodeIgniter->handleRequest(NULL, Object(Config\Cache), false)
#4 C:\xampp\htdocs\tradebox\index.php(64): CodeIgniter\CodeIgniter->run()
#5 {main}
CRITICAL - 2022-08-24 23:57:20 --> Trying to get property 'feetype' of non-object
#0 C:\xampp\htdocs\tradebox\app\Modules\Website\Controllers\Ajaxload.php(24): CodeIgniter\Debug\Exceptions->errorHandler(8, 'Trying to get p...', 'C:\\xampp\\htdocs...', 24, Array)
#1 C:\xampp\htdocs\tradebox\system\CodeIgniter.php(926): App\Modules\Website\Controllers\Ajaxload->fees_load()
#2 C:\xampp\htdocs\tradebox\system\CodeIgniter.php(412): CodeIgniter\CodeIgniter->runController(Object(App\Modules\Website\Controllers\Ajaxload))
#3 C:\xampp\htdocs\tradebox\system\CodeIgniter.php(320): CodeIgniter\CodeIgniter->handleRequest(NULL, Object(Config\Cache), false)
#4 C:\xampp\htdocs\tradebox\index.php(64): CodeIgniter\CodeIgniter->run()
#5 {main}
CRITICAL - 2022-08-24 23:57:20 --> Trying to get property 'feetype' of non-object
#0 C:\xampp\htdocs\tradebox\app\Modules\Website\Controllers\Ajaxload.php(24): CodeIgniter\Debug\Exceptions->errorHandler(8, 'Trying to get p...', 'C:\\xampp\\htdocs...', 24, Array)
#1 C:\xampp\htdocs\tradebox\system\CodeIgniter.php(926): App\Modules\Website\Controllers\Ajaxload->fees_load()
#2 C:\xampp\htdocs\tradebox\system\CodeIgniter.php(412): CodeIgniter\CodeIgniter->runController(Object(App\Modules\Website\Controllers\Ajaxload))
#3 C:\xampp\htdocs\tradebox\system\CodeIgniter.php(320): CodeIgniter\CodeIgniter->handleRequest(NULL, Object(Config\Cache), false)
#4 C:\xampp\htdocs\tradebox\index.php(64): CodeIgniter\CodeIgniter->run()
#5 {main}
CRITICAL - 2022-08-24 23:57:24 --> Trying to get property 'feetype' of non-object
#0 C:\xampp\htdocs\tradebox\app\Modules\Website\Controllers\Ajaxload.php(24): CodeIgniter\Debug\Exceptions->errorHandler(8, 'Trying to get p...', 'C:\\xampp\\htdocs...', 24, Array)
#1 C:\xampp\htdocs\tradebox\system\CodeIgniter.php(926): App\Modules\Website\Controllers\Ajaxload->fees_load()
#2 C:\xampp\htdocs\tradebox\system\CodeIgniter.php(412): CodeIgniter\CodeIgniter->runController(Object(App\Modules\Website\Controllers\Ajaxload))
#3 C:\xampp\htdocs\tradebox\system\CodeIgniter.php(320): CodeIgniter\CodeIgniter->handleRequest(NULL, Object(Config\Cache), false)
#4 C:\xampp\htdocs\tradebox\index.php(64): CodeIgniter\CodeIgniter->run()
#5 {main}
CRITICAL - 2022-08-24 23:57:29 --> Trying to get property 'feetype' of non-object
#0 C:\xampp\htdocs\tradebox\app\Modules\Website\Controllers\Ajaxload.php(24): CodeIgniter\Debug\Exceptions->errorHandler(8, 'Trying to get p...', 'C:\\xampp\\htdocs...', 24, Array)
#1 C:\xampp\htdocs\tradebox\system\CodeIgniter.php(926): App\Modules\Website\Controllers\Ajaxload->fees_load()
#2 C:\xampp\htdocs\tradebox\system\CodeIgniter.php(412): CodeIgniter\CodeIgniter->runController(Object(App\Modules\Website\Controllers\Ajaxload))
#3 C:\xampp\htdocs\tradebox\system\CodeIgniter.php(320): CodeIgniter\CodeIgniter->handleRequest(NULL, Object(Config\Cache), false)
#4 C:\xampp\htdocs\tradebox\index.php(64): CodeIgniter\CodeIgniter->run()
#5 {main}
CRITICAL - 2022-08-24 23:57:33 --> Trying to get property 'feetype' of non-object
#0 C:\xampp\htdocs\tradebox\app\Modules\Website\Controllers\Ajaxload.php(24): CodeIgniter\Debug\Exceptions->errorHandler(8, 'Trying to get p...', 'C:\\xampp\\htdocs...', 24, Array)
#1 C:\xampp\htdocs\tradebox\system\CodeIgniter.php(926): App\Modules\Website\Controllers\Ajaxload->fees_load()
#2 C:\xampp\htdocs\tradebox\system\CodeIgniter.php(412): CodeIgniter\CodeIgniter->runController(Object(App\Modules\Website\Controllers\Ajaxload))
#3 C:\xampp\htdocs\tradebox\system\CodeIgniter.php(320): CodeIgniter\CodeIgniter->handleRequest(NULL, Object(Config\Cache), false)
#4 C:\xampp\htdocs\tradebox\index.php(64): CodeIgniter\CodeIgniter->run()
#5 {main}
CRITICAL - 2022-08-24 23:57:35 --> Trying to get property 'feetype' of non-object
#0 C:\xampp\htdocs\tradebox\app\Modules\Website\Controllers\Ajaxload.php(24): CodeIgniter\Debug\Exceptions->errorHandler(8, 'Trying to get p...', 'C:\\xampp\\htdocs...', 24, Array)
#1 C:\xampp\htdocs\tradebox\system\CodeIgniter.php(926): App\Modules\Website\Controllers\Ajaxload->fees_load()
#2 C:\xampp\htdocs\tradebox\system\CodeIgniter.php(412): CodeIgniter\CodeIgniter->runController(Object(App\Modules\Website\Controllers\Ajaxload))
#3 C:\xampp\htdocs\tradebox\system\CodeIgniter.php(320): CodeIgniter\CodeIgniter->handleRequest(NULL, Object(Config\Cache), false)
#4 C:\xampp\htdocs\tradebox\index.php(64): CodeIgniter\CodeIgniter->run()
#5 {main}
CRITICAL - 2022-08-24 23:57:36 --> Trying to get property 'feetype' of non-object
#0 C:\xampp\htdocs\tradebox\app\Modules\Website\Controllers\Ajaxload.php(24): CodeIgniter\Debug\Exceptions->errorHandler(8, 'Trying to get p...', 'C:\\xampp\\htdocs...', 24, Array)
#1 C:\xampp\htdocs\tradebox\system\CodeIgniter.php(926): App\Modules\Website\Controllers\Ajaxload->fees_load()
#2 C:\xampp\htdocs\tradebox\system\CodeIgniter.php(412): CodeIgniter\CodeIgniter->runController(Object(App\Modules\Website\Controllers\Ajaxload))
#3 C:\xampp\htdocs\tradebox\system\CodeIgniter.php(320): CodeIgniter\CodeIgniter->handleRequest(NULL, Object(Config\Cache), false)
#4 C:\xampp\htdocs\tradebox\index.php(64): CodeIgniter\CodeIgniter->run()
#5 {main}
CRITICAL - 2022-08-24 23:57:38 --> Trying to get property 'feetype' of non-object
#0 C:\xampp\htdocs\tradebox\app\Modules\Website\Controllers\Ajaxload.php(24): CodeIgniter\Debug\Exceptions->errorHandler(8, 'Trying to get p...', 'C:\\xampp\\htdocs...', 24, Array)
#1 C:\xampp\htdocs\tradebox\system\CodeIgniter.php(926): App\Modules\Website\Controllers\Ajaxload->fees_load()
#2 C:\xampp\htdocs\tradebox\system\CodeIgniter.php(412): CodeIgniter\CodeIgniter->runController(Object(App\Modules\Website\Controllers\Ajaxload))
#3 C:\xampp\htdocs\tradebox\system\CodeIgniter.php(320): CodeIgniter\CodeIgniter->handleRequest(NULL, Object(Config\Cache), false)
#4 C:\xampp\htdocs\tradebox\index.php(64): CodeIgniter\CodeIgniter->run()
#5 {main}
CRITICAL - 2022-08-24 23:57:40 --> Trying to get property 'feetype' of non-object
#0 C:\xampp\htdocs\tradebox\app\Modules\Website\Controllers\Ajaxload.php(24): CodeIgniter\Debug\Exceptions->errorHandler(8, 'Trying to get p...', 'C:\\xampp\\htdocs...', 24, Array)
#1 C:\xampp\htdocs\tradebox\system\CodeIgniter.php(926): App\Modules\Website\Controllers\Ajaxload->fees_load()
#2 C:\xampp\htdocs\tradebox\system\CodeIgniter.php(412): CodeIgniter\CodeIgniter->runController(Object(App\Modules\Website\Controllers\Ajaxload))
#3 C:\xampp\htdocs\tradebox\system\CodeIgniter.php(320): CodeIgniter\CodeIgniter->handleRequest(NULL, Object(Config\Cache), false)
#4 C:\xampp\htdocs\tradebox\index.php(64): CodeIgniter\CodeIgniter->run()
#5 {main}
CRITICAL - 2022-08-24 23:57:41 --> Trying to get property 'feetype' of non-object
#0 C:\xampp\htdocs\tradebox\app\Modules\Website\Controllers\Ajaxload.php(24): CodeIgniter\Debug\Exceptions->errorHandler(8, 'Trying to get p...', 'C:\\xampp\\htdocs...', 24, Array)
#1 C:\xampp\htdocs\tradebox\system\CodeIgniter.php(926): App\Modules\Website\Controllers\Ajaxload->fees_load()
#2 C:\xampp\htdocs\tradebox\system\CodeIgniter.php(412): CodeIgniter\CodeIgniter->runController(Object(App\Modules\Website\Controllers\Ajaxload))
#3 C:\xampp\htdocs\tradebox\system\CodeIgniter.php(320): CodeIgniter\CodeIgniter->handleRequest(NULL, Object(Config\Cache), false)
#4 C:\xampp\htdocs\tradebox\index.php(64): CodeIgniter\CodeIgniter->run()
#5 {main}
